# JRE version: OpenJDK Runtime Environment (8.0_242) (build 1.8.0_242-release-1644-b3-6222593)
# Java VM: OpenJDK 64-Bit Server VM (25.242-b3-6222593 mixed mode linux-amd64 compressed oops)
Heap:
 PSYoungGen      total 978432K, used 958761K [0x000000077f800000, 0x00000007c0000000, 0x00000007c0000000)
  eden space 908288K, 100% used [0x000000077f800000,0x00000007b6f00000,0x00000007b6f00000)
  from space 70144K, 71% used [0x00000007bbb80000,0x00000007becca778,0x00000007c0000000)
  to   space 74240K, 99% used [0x00000007b6f00000,0x00000007bb77bb38,0x00000007bb780000)
 ParOldGen       total 906752K, used 603943K [0x00000006fe800000, 0x0000000735d80000, 0x000000077f800000)
  object space 906752K, 66% used [0x00000006fe800000,0x00000007235cbf28,0x0000000735d80000)
 Metaspace       used 161974K, capacity 171100K, committed 171352K, reserved 1200128K
  class space    used 19597K, capacity 21335K, committed 21376K, reserved 1048576K
GC Heap History (10 events):
Event: 2966.788 GC heap after
Heap after GC invocations=101 (full 8):
 PSYoungGen      total 980480K, used 0K [0x000000077f800000, 0x00000007bfd00000, 0x00000007c0000000)
  eden space 911360K, 0% used [0x000000077f800000,0x000000077f800000,0x00000007b7200000)
  from space 69120K, 0% used [0x00000007bb980000,0x00000007bb980000,0x00000007bfd00000)
  to   space 71168K, 0% used [0x00000007b7200000,0x00000007b7200000,0x00000007bb780000)
 ParOldGen       total 906752K, used 469552K [0x00000006fe800000, 0x0000000735d80000, 0x000000077f800000)
  object space 906752K, 51% used [0x00000006fe800000,0x000000071b28c0e8,0x0000000735d80000)
 Metaspace       used 146703K, capacity 154534K, committed 156248K, reserved 1185792K
  class space    used 17929K, capacity 19437K, committed 19840K, reserved 1048576K
}
Event: 2986.740 GC heap before
{Heap before GC invocations=102 (full 8):
 PSYoungGen      total 980480K, used 911360K [0x000000077f800000, 0x00000007bfd00000, 0x00000007c0000000)
  eden space 911360K, 100% used [0x000000077f800000,0x00000007b7200000,0x00000007b7200000)
  from space 69120K, 0% used [0x00000007bb980000,0x00000007bb980000,0x00000007bfd00000)
  to   space 71168K, 0% used [0x00000007b7200000,0x00000007b7200000,0x00000007bb780000)
 ParOldGen       total 906752K, used 469552K [0x00000006fe800000, 0x0000000735d80000, 0x000000077f800000)
  object space 906752K, 51% used [0x00000006fe800000,0x000000071b28c0e8,0x0000000735d80000)
 Metaspace       used 146751K, capacity 154550K, committed 156248K, reserved 1185792K
  class space    used 17930K, capacity 19437K, committed 19840K, reserved 1048576K
Event: 2986.786 GC heap after
Heap after GC invocations=102 (full 8):
 PSYoungGen      total 982528K, used 27497K [0x000000077f800000, 0x00000007bfa00000, 0x00000007c0000000)
  eden space 911360K, 0% used [0x000000077f800000,0x000000077f800000,0x00000007b7200000)
  from space 71168K, 38% used [0x00000007b7200000,0x00000007b8cda778,0x00000007bb780000)
  to   space 67072K, 0% used [0x00000007bb880000,0x00000007bb880000,0x00000007bfa00000)
 ParOldGen       total 906752K, used 469560K [0x00000006fe800000, 0x0000000735d80000, 0x000000077f800000)
  object space 906752K, 51% used [0x00000006fe800000,0x000000071b28e0e8,0x0000000735d80000)
 Metaspace       used 146751K, capacity 154550K, committed 156248K, reserved 1185792K
  class space    used 17930K, capacity 19437K, committed 19840K, reserved 1048576K
}
Event: 3027.586 GC heap before
{Heap before GC invocations=103 (full 8):
 PSYoungGen      total 982528K, used 938857K [0x000000077f800000, 0x00000007bfa00000, 0x00000007c0000000)
  eden space 911360K, 100% used [0x000000077f800000,0x00000007b7200000,0x00000007b7200000)
  from space 71168K, 38% used [0x00000007b7200000,0x00000007b8cda778,0x00000007bb780000)
  to   space 67072K, 0% used [0x00000007bb880000,0x00000007bb880000,0x00000007bfa00000)
 ParOldGen       total 906752K, used 469560K [0x00000006fe800000, 0x0000000735d80000, 0x000000077f800000)
  object space 906752K, 51% used [0x00000006fe800000,0x000000071b28e0e8,0x0000000735d80000)
 Metaspace       used 155586K, capacity 163760K, committed 163928K, reserved 1191936K
  class space    used 18902K, capacity 20475K, committed 20608K, reserved 1048576K
Event: 3027.636 GC heap after
Heap after GC invocations=103 (full 8):
 PSYoungGen      total 981504K, used 19509K [0x000000077f800000, 0x00000007bf600000, 0x00000007c0000000)
  eden space 918528K, 0% used [0x000000077f800000,0x000000077f800000,0x00000007b7900000)
  from space 62976K, 30% used [0x00000007bb880000,0x00000007bcb8d4b8,0x00000007bf600000)
  to   space 64000K, 0% used [0x00000007b7900000,0x00000007b7900000,0x00000007bb780000)
 ParOldGen       total 906752K, used 495763K [0x00000006fe800000, 0x0000000735d80000, 0x000000077f800000)
  object space 906752K, 54% used [0x00000006fe800000,0x000000071cc24d10,0x0000000735d80000)
 Metaspace       used 155586K, capacity 163760K, committed 163928K, reserved 1191936K
  class space    used 18902K, capacity 20475K, committed 20608K, reserved 1048576K
}
Event: 3059.626 GC heap before
{Heap before GC invocations=104 (full 8):
 PSYoungGen      total 981504K, used 938037K [0x000000077f800000, 0x00000007bf600000, 0x00000007c0000000)
  eden space 918528K, 100% used [0x000000077f800000,0x00000007b7900000,0x00000007b7900000)
  from space 62976K, 30% used [0x00000007bb880000,0x00000007bcb8d4b8,0x00000007bf600000)
  to   space 64000K, 0% used [0x00000007b7900000,0x00000007b7900000,0x00000007bb780000)
 ParOldGen       total 906752K, used 495763K [0x00000006fe800000, 0x0000000735d80000, 0x000000077f800000)
  object space 906752K, 54% used [0x00000006fe800000,0x000000071cc24d10,0x0000000735d80000)
 Metaspace       used 158537K, capacity 167508K, committed 167640K, reserved 1196032K
  class space    used 19254K, capacity 20977K, committed 20992K, reserved 1048576K
Event: 3059.674 GC heap after
Heap after GC invocations=104 (full 8):
 PSYoungGen      total 982528K, used 52573K [0x000000077f800000, 0x00000007c0000000, 0x00000007c0000000)
  eden space 918528K, 0% used [0x000000077f800000,0x000000077f800000,0x00000007b7900000)
  from space 64000K, 82% used [0x00000007b7900000,0x00000007bac574c8,0x00000007bb780000)
  to   space 70144K, 0% used [0x00000007bbb80000,0x00000007bbb80000,0x00000007c0000000)
 ParOldGen       total 906752K, used 506795K [0x00000006fe800000, 0x0000000735d80000, 0x000000077f800000)
  object space 906752K, 55% used [0x00000006fe800000,0x000000071d6eacc8,0x0000000735d80000)
 Metaspace       used 158537K, capacity 167508K, committed 167640K, reserved 1196032K
  class space    used 19254K, capacity 20977K, committed 20992K, reserved 1048576K
}
Event: 3067.154 GC heap before
{Heap before GC invocations=105 (full 8):
 PSYoungGen      total 982528K, used 971101K [0x000000077f800000, 0x00000007c0000000, 0x00000007c0000000)
  eden space 918528K, 100% used [0x000000077f800000,0x00000007b7900000,0x00000007b7900000)
  from space 64000K, 82% used [0x00000007b7900000,0x00000007bac574c8,0x00000007bb780000)
  to   space 70144K, 0% used [0x00000007bbb80000,0x00000007bbb80000,0x00000007c0000000)
 ParOldGen       total 906752K, used 506795K [0x00000006fe800000, 0x0000000735d80000, 0x000000077f800000)
  object space 906752K, 55% used [0x00000006fe800000,0x000000071d6eacc8,0x0000000735d80000)
 Metaspace       used 158682K, capacity 167800K, committed 168024K, reserved 1196032K
  class space    used 19269K, capacity 21003K, committed 21120K, reserved 1048576K
Event: 3067.244 GC heap after
Heap after GC invocations=105 (full 8):
 PSYoungGen      total 978432K, used 50473K [0x000000077f800000, 0x00000007c0000000, 0x00000007c0000000)
  eden space 908288K, 0% used [0x000000077f800000,0x000000077f800000,0x00000007b6f00000)
  from space 70144K, 71% used [0x00000007bbb80000,0x00000007becca778,0x00000007c0000000)
  to   space 74240K, 0% used [0x00000007b6f00000,0x00000007b6f00000,0x00000007bb780000)
 ParOldGen       total 906752K, used 528462K [0x00000006fe800000, 0x0000000735d80000, 0x000000077f800000)
  object space 906752K, 58% used [0x00000006fe800000,0x000000071ec13af8,0x0000000735d80000)
 Metaspace       used 158682K, capacity 167800K, committed 168024K, reserved 1196032K
  class space    used 19269K, capacity 21003K, committed 21120K, reserved 1048576K
}
Event: 3080.828 GC heap before
{Heap before GC invocations=106 (full 8):
 PSYoungGen      total 978432K, used 958761K [0x000000077f800000, 0x00000007c0000000, 0x00000007c0000000)
  eden space 908288K, 100% used [0x000000077f800000,0x00000007b6f00000,0x00000007b6f00000)
  from space 70144K, 71% used [0x00000007bbb80000,0x00000007becca778,0x00000007c0000000)
  to   space 74240K, 0% used [0x00000007b6f00000,0x00000007b6f00000,0x00000007bb780000)
 ParOldGen       total 906752K, used 528462K [0x00000006fe800000, 0x0000000735d80000, 0x000000077f800000)
  object space 906752K, 58% used [0x00000006fe800000,0x000000071ec13af8,0x0000000735d80000)
 Metaspace       used 161974K, capacity 171100K, committed 171352K, reserved 1200128K
  class space    used 19597K, capacity 21335K, committed 21376K, reserved 1048576K

