# JRE version: OpenJDK Runtime Environment (8.0_242) (build 1.8.0_242-release-1644-b3-6222593)
# Java VM: OpenJDK 64-Bit Server VM (25.242-b3-6222593 mixed mode linux-amd64 compressed oops)
Heap:
 PSYoungGen      total 873472K, used 799576K [0x000000077f800000, 0x00000007be800000, 0x00000007c0000000)
  eden space 746496K, 100% used [0x000000077f800000,0x00000007ad100000,0x00000007ad100000)
  from space 126976K, 41% used [0x00000007b6c00000,0x00000007b9fd62c0,0x00000007be800000)
  to   space 142848K, 14% used [0x00000007ad100000,0x00000007ae52e018,0x00000007b5c80000)
 ParOldGen       total 626688K, used 314321K [0x00000006fe800000, 0x0000000724c00000, 0x000000077f800000)
  object space 626688K, 50% used [0x00000006fe800000,0x0000000711af46d0,0x0000000724c00000)
 Metaspace       used 116237K, capacity 123928K, committed 124184K, reserved 1157120K
  class space    used 15000K, capacity 16389K, committed 16408K, reserved 1048576K
GC Heap History (10 events):
Event: 948.145 GC heap after
Heap after GC invocations=25 (full 4):
 PSYoungGen      total 949760K, used 95228K [0x000000077f800000, 0x00000007c0000000, 0x00000007c0000000)
  eden space 854528K, 0% used [0x000000077f800000,0x000000077f800000,0x00000007b3a80000)
  from space 95232K, 99% used [0x00000007b3a80000,0x00000007b977f2c8,0x00000007b9780000)
  to   space 107008K, 0% used [0x00000007b9780000,0x00000007b9780000,0x00000007c0000000)
 ParOldGen       total 505344K, used 497453K [0x00000006fe800000, 0x000000071d580000, 0x000000077f800000)
  object space 505344K, 98% used [0x00000006fe800000,0x000000071cdcb758,0x000000071d580000)
 Metaspace       used 101652K, capacity 108068K, committed 108312K, reserved 1142784K
  class space    used 13128K, capacity 14283K, committed 14360K, reserved 1048576K
}
Event: 948.145 GC heap before
{Heap before GC invocations=26 (full 5):
 PSYoungGen      total 949760K, used 95228K [0x000000077f800000, 0x00000007c0000000, 0x00000007c0000000)
  eden space 854528K, 0% used [0x000000077f800000,0x000000077f800000,0x00000007b3a80000)
  from space 95232K, 99% used [0x00000007b3a80000,0x00000007b977f2c8,0x00000007b9780000)
  to   space 107008K, 0% used [0x00000007b9780000,0x00000007b9780000,0x00000007c0000000)
 ParOldGen       total 505344K, used 497453K [0x00000006fe800000, 0x000000071d580000, 0x000000077f800000)
  object space 505344K, 98% used [0x00000006fe800000,0x000000071cdcb758,0x000000071d580000)
 Metaspace       used 101652K, capacity 108068K, committed 108312K, reserved 1142784K
  class space    used 13128K, capacity 14283K, committed 14360K, reserved 1048576K
Event: 949.282 GC heap after
Heap after GC invocations=26 (full 5):
 PSYoungGen      total 949760K, used 0K [0x000000077f800000, 0x00000007c0000000, 0x00000007c0000000)
  eden space 854528K, 0% used [0x000000077f800000,0x000000077f800000,0x00000007b3a80000)
  from space 95232K, 0% used [0x00000007b3a80000,0x00000007b3a80000,0x00000007b9780000)
  to   space 107008K, 0% used [0x00000007b9780000,0x00000007b9780000,0x00000007c0000000)
 ParOldGen       total 626688K, used 290634K [0x00000006fe800000, 0x0000000724c00000, 0x000000077f800000)
  object space 626688K, 46% used [0x00000006fe800000,0x00000007103d28f0,0x0000000724c00000)
 Metaspace       used 101652K, capacity 108068K, committed 108312K, reserved 1142784K
  class space    used 13128K, capacity 14283K, committed 14360K, reserved 1048576K
}
Event: 953.077 GC heap before
{Heap before GC invocations=27 (full 5):
 PSYoungGen      total 949760K, used 854528K [0x000000077f800000, 0x00000007c0000000, 0x00000007c0000000)
  eden space 854528K, 100% used [0x000000077f800000,0x00000007b3a80000,0x00000007b3a80000)
  from space 95232K, 0% used [0x00000007b3a80000,0x00000007b3a80000,0x00000007b9780000)
  to   space 107008K, 0% used [0x00000007b9780000,0x00000007b9780000,0x00000007c0000000)
 ParOldGen       total 626688K, used 290634K [0x00000006fe800000, 0x0000000724c00000, 0x000000077f800000)
  object space 626688K, 46% used [0x00000006fe800000,0x00000007103d28f0,0x0000000724c00000)
 Metaspace       used 101883K, capacity 108318K, committed 108568K, reserved 1142784K
  class space    used 13142K, capacity 14290K, committed 14360K, reserved 1048576K
Event: 953.199 GC heap after
Heap after GC invocations=27 (full 5):
 PSYoungGen      total 846336K, used 91363K [0x000000077f800000, 0x00000007c0000000, 0x00000007c0000000)
  eden space 739328K, 0% used [0x000000077f800000,0x000000077f800000,0x00000007aca00000)
  from space 107008K, 85% used [0x00000007b9780000,0x00000007bf0b8f50,0x00000007c0000000)
  to   space 158720K, 0% used [0x00000007aca00000,0x00000007aca00000,0x00000007b6500000)
 ParOldGen       total 626688K, used 290642K [0x00000006fe800000, 0x0000000724c00000, 0x000000077f800000)
  object space 626688K, 46% used [0x00000006fe800000,0x00000007103d48f0,0x0000000724c00000)
 Metaspace       used 101883K, capacity 108318K, committed 108568K, reserved 1142784K
  class space    used 13142K, capacity 14290K, committed 14360K, reserved 1048576K
}
Event: 955.120 GC heap before
{Heap before GC invocations=28 (full 5):
 PSYoungGen      total 846336K, used 830691K [0x000000077f800000, 0x00000007c0000000, 0x00000007c0000000)
  eden space 739328K, 100% used [0x000000077f800000,0x00000007aca00000,0x00000007aca00000)
  from space 107008K, 85% used [0x00000007b9780000,0x00000007bf0b8f50,0x00000007c0000000)
  to   space 158720K, 0% used [0x00000007aca00000,0x00000007aca00000,0x00000007b6500000)
 ParOldGen       total 626688K, used 290642K [0x00000006fe800000, 0x0000000724c00000, 0x000000077f800000)
  object space 626688K, 46% used [0x00000006fe800000,0x00000007103d48f0,0x0000000724c00000)
 Metaspace       used 101968K, capacity 108436K, committed 108568K, reserved 1142784K
  class space    used 13148K, capacity 14299K, committed 14360K, reserved 1048576K
Event: 955.173 GC heap after
Heap after GC invocations=28 (full 5):
 PSYoungGen      total 898048K, used 42082K [0x000000077f800000, 0x00000007c0000000, 0x00000007c0000000)
  eden space 739328K, 0% used [0x000000077f800000,0x000000077f800000,0x00000007aca00000)
  from space 158720K, 26% used [0x00000007aca00000,0x00000007af318868,0x00000007b6500000)
  to   space 151552K, 0% used [0x00000007b6c00000,0x00000007b6c00000,0x00000007c0000000)
 ParOldGen       total 626688K, used 290650K [0x00000006fe800000, 0x0000000724c00000, 0x000000077f800000)
  object space 626688K, 46% used [0x00000006fe800000,0x00000007103d68f0,0x0000000724c00000)
 Metaspace       used 101968K, capacity 108436K, committed 108568K, reserved 1142784K
  class space    used 13148K, capacity 14299K, committed 14360K, reserved 1048576K
}
Event: 992.284 GC heap before
{Heap before GC invocations=29 (full 5):
 PSYoungGen      total 898048K, used 781410K [0x000000077f800000, 0x00000007c0000000, 0x00000007c0000000)
  eden space 739328K, 100% used [0x000000077f800000,0x00000007aca00000,0x00000007aca00000)
  from space 158720K, 26% used [0x00000007aca00000,0x00000007af318868,0x00000007b6500000)
  to   space 151552K, 0% used [0x00000007b6c00000,0x00000007b6c00000,0x00000007c0000000)
 ParOldGen       total 626688K, used 290650K [0x00000006fe800000, 0x0000000724c00000, 0x000000077f800000)
  object space 626688K, 46% used [0x00000006fe800000,0x00000007103d68f0,0x0000000724c00000)
 Metaspace       used 111318K, capacity 118460K, committed 118552K, reserved 1153024K
  class space    used 14350K, capacity 15609K, committed 15640K, reserved 1048576K
Event: 992.368 GC heap after
Heap after GC invocations=29 (full 5):
 PSYoungGen      total 873472K, used 53080K [0x000000077f800000, 0x00000007be800000, 0x00000007c0000000)
  eden space 746496K, 0% used [0x000000077f800000,0x000000077f800000,0x00000007ad100000)
  from space 126976K, 41% used [0x00000007b6c00000,0x00000007b9fd62c0,0x00000007be800000)
  to   space 142848K, 0% used [0x00000007ad100000,0x00000007ad100000,0x00000007b5c80000)
 ParOldGen       total 626688K, used 314321K [0x00000006fe800000, 0x0000000724c00000, 0x000000077f800000)
  object space 626688K, 50% used [0x00000006fe800000,0x0000000711af46d0,0x0000000724c00000)
 Metaspace       used 111318K, capacity 118460K, committed 118552K, reserved 1153024K
  class space    used 14350K, capacity 15609K, committed 15640K, reserved 1048576K
}
Event: 1025.707 GC heap before
{Heap before GC invocations=30 (full 5):
 PSYoungGen      total 873472K, used 799576K [0x000000077f800000, 0x00000007be800000, 0x00000007c0000000)
  eden space 746496K, 100% used [0x000000077f800000,0x00000007ad100000,0x00000007ad100000)
  from space 126976K, 41% used [0x00000007b6c00000,0x00000007b9fd62c0,0x00000007be800000)
  to   space 142848K, 0% used [0x00000007ad100000,0x00000007ad100000,0x00000007b5c80000)
 ParOldGen       total 626688K, used 314321K [0x00000006fe800000, 0x0000000724c00000, 0x000000077f800000)
  object space 626688K, 50% used [0x00000006fe800000,0x0000000711af46d0,0x0000000724c00000)
 Metaspace       used 116237K, capacity 123928K, committed 124184K, reserved 1157120K
  class space    used 15000K, capacity 16389K, committed 16408K, reserved 1048576K

